2026-03-24 12:50:19,307 [INFO] __main__: ============================================================
2026-03-24 12:50:19,307 [INFO] __main__: INICIANDO MIGRACIÓN REAL
2026-03-24 12:50:19,307 [INFO] __main__: ============================================================
2026-03-24 12:50:19,307 [INFO] __main__: Config: MigrationConfig(legacy_db_path='registros/clientes.db', batch_size=100, dry_run=False, tables=['clientes', 'planes_generados'], gym_id='gym_prod', checkpoint_dir='.migration_checkpoints', skip_validation=False, force=False)
2026-03-24 12:50:19,600 [WARNING] scripts.etl_mapping: No se pudo parsear fecha: 2026-03-24T12:50:03.504581
2026-03-24 12:50:19,601 [WARNING] scripts.etl_mapping: No se pudo parsear fecha: 2026-03-24T12:50:03.508053
2026-03-24 12:50:19,601 [WARNING] scripts.etl_mapping: No se pudo parsear fecha: 2026-03-24T12:50:03.511386
2026-03-24 12:50:19,601 [WARNING] scripts.etl_mapping: No se pudo parsear fecha: 2026-03-24T12:50:03.514484
2026-03-24 12:50:19,601 [WARNING] scripts.etl_mapping: No se pudo parsear fecha: 2026-03-24T12:50:03.517679
2026-03-24 12:50:19,605 [ERROR] __main__: Rollback final: (sqlite3.IntegrityError) FOREIGN KEY constraint failed
[SQL: INSERT INTO clientes (id_cliente, gym_id, nombre, telefono, email, edad, sexo, peso_kg, estatura_cm, grasa_corporal_pct, masa_magra_kg, nivel_actividad, objetivo, fecha_registro, ultimo_plan, total_planes_generados, activo, notas, plantilla_tipo) VALUES (?, ?, ?, ?, ?, ?, ?, ?, ?, ?, ?, ?, ?, ?, ?, ?, ?, ?, ?) RETURNING id]
[parameters: ('CLI001', 'gym_prod', 'Juan García', None, None, 30, None, 75.5, 175.0, 18.0, None, 'moderado', 'mantener', '2026-03-24 18:50:03.000000', None, 1, 1, None, 'general')]
(Background on this error at: https://sqlalche.me/e/20/gkpj)
2026-03-24 12:50:19,606 [INFO] __main__: Checkpoint guardado: .migration_checkpoints/clientes.checkpoint.json
2026-03-24 12:50:19,606 [INFO] __main__: Clientes: 5 migrados, 0 existentes, 0 errores
2026-03-24 12:50:19,610 [INFO] __main__: Planes: 0 migrados, 0 existentes, 0 errores
2026-03-24 12:50:19,610 [INFO] __main__: Validando migración...
2026-03-24 12:50:19,647 [INFO] __main__: ============================================================
2026-03-24 12:50:19,648 [INFO] __main__: MIGRACIÓN COMPLETADA
2026-03-24 12:50:19,648 [INFO] __main__: ============================================================
2026-03-24 12:50:19,648 [INFO] __main__: Resultados guardados en: migration_results_20260324_125019.json
